2020-11-04 06:24:02,342 - INFO Checking requirements
2020-11-04 06:24:07,705 - INFO Building database
2020-11-04 06:24:20,557 - DEBUG Populate: PopulatePictures
2020-11-04 06:24:20,796 - DEBUG Populate: PopulateCurrencies
2020-11-04 06:24:20,936 - DEBUG Populate: PopulateStores
2020-11-04 06:24:21,040 - DEBUG Populate: InstallLanguages
2020-11-04 06:24:21,059 - DEBUG Populate: PopulateMeasureDimensions
2020-11-04 06:24:21,108 - DEBUG Populate: PopulateMeasureWeights
2020-11-04 06:24:21,163 - DEBUG Populate: PopulateTaxCategories
2020-11-04 06:24:21,369 - DEBUG Populate: PopulateCountriesAndStates
2020-11-04 06:24:24,089 - DEBUG Populate: PopulateShippingMethods
2020-11-04 06:24:24,128 - DEBUG Populate: PopulateDeliveryTimes
2020-11-04 06:24:24,163 - DEBUG Populate: PopulateQuantityUnits
2020-11-04 06:24:24,327 - DEBUG Populate: PopulateCustomersAndUsers
2020-11-04 06:24:24,603 - DEBUG Populate: PopulateEmailAccounts
2020-11-04 06:24:24,620 - DEBUG Populate: PopulateMessageTemplates
2020-11-04 06:24:24,957 - DEBUG Populate: PopulateTopics
2020-11-04 06:24:25,376 - DEBUG Populate: PopulateSettings
2020-11-04 06:24:33,376 - DEBUG Populate: PopulateActivityLogTypes
2020-11-04 06:24:33,906 - DEBUG Populate: PopulateCustomersAndUsers
2020-11-04 06:24:34,007 - DEBUG Populate: PopulateProductTemplates
2020-11-04 06:24:34,025 - DEBUG Populate: PopulateCategoryTemplates
2020-11-04 06:24:34,041 - DEBUG Populate: PopulateManufacturerTemplates
2020-11-04 06:24:34,059 - DEBUG Populate: PopulateScheduleTasks
2020-11-04 06:24:34,157 - DEBUG Populate: PopulateLocaleResources
2020-11-04 06:25:31,942 - DEBUG Populate: PopulateMenus
2020-11-04 06:25:32,325 - INFO Seeding sample data
2020-11-04 06:25:32,334 - DEBUG Populate: PopulateSpecificationAttributes
2020-11-04 06:25:33,932 - DEBUG Populate: PopulateProductAttributes
2020-11-04 06:25:34,206 - DEBUG Populate: PopulateProductAttributeOptionsSets
2020-11-04 06:25:34,259 - DEBUG Populate: PopulateProductAttributeOptions
2020-11-04 06:25:34,346 - DEBUG Populate: PopulateCampaigns
2020-11-04 06:25:34,527 - DEBUG Populate: PopulateRuleSets
2020-11-04 06:25:34,793 - DEBUG Populate: PopulateDiscounts
2020-11-04 06:25:34,874 - DEBUG Populate: PopulateCategories
2020-11-04 06:25:36,161 - DEBUG Populate: PopulateManufacturers
2020-11-04 06:25:37,148 - DEBUG Populate: PopulateProducts
2020-11-04 06:25:48,153 - DEBUG Populate: PopulateProductBundleItems
2020-11-04 06:25:48,609 - DEBUG Populate: PopulateProductVariantAttributes
2020-11-04 06:25:53,557 - DEBUG Populate: ProductVariantAttributeCombinations
2020-11-04 06:25:56,151 - DEBUG Populate: PopulateProductTags
2020-11-04 06:25:56,472 - DEBUG Populate: PopulateForumsGroups
2020-11-04 06:25:56,538 - DEBUG Populate: PopulateForums
2020-11-04 06:25:56,594 - DEBUG Populate: PopulateBlogPosts
2020-11-04 06:25:57,193 - DEBUG Populate: PopulateNews
2020-11-04 06:25:57,503 - DEBUG Populate: PopulatePolls
2020-11-04 06:25:57,609 - DEBUG Populate: FinalizeSamples
2020-11-04 06:25:57,638 - DEBUG Populate: MovePictures
2020-11-04 06:26:00,465 - INFO Processing media files
2020-11-04 06:26:04,939 - INFO Finalizing installation
2020-11-04 06:26:04,947 - INFO Installation completed successfully
